# JRE version: OpenJDK Runtime Environment Temurin-21.0.12.1+1 (21.0.12.1+1) (build 21.0.12.1+1-LTS)
# Java VM: OpenJDK 64-Bit Server VM Temurin-21.0.12.1+1 (21.0.12.1+1-LTS, mixed mode, sharing, tiered, compressed oops, compressed class ptrs, parallel gc, windows-amd64)
GC Precious Log:
 CardTable entry size: 512
 CPUs: 4 total, 4 available
 Memory: 8075M
 Large Page Support: Disabled
 NUMA Support: Disabled
 Compressed Oops: Enabled (32-bit)
 Alignments: Space 512K, Generation 512K, Heap 2M
 Heap Min Capacity: 100M
 Heap Initial Capacity: 100M
 Heap Max Capacity: 2G
 Pre-touch: Disabled
 Parallel Workers: 4
Heap:
 PSYoungGen      total 3072K, used 338K [0x00000000d5580000, 0x00000000d5a00000, 0x0000000100000000)
  eden space 2560K, 1% used [0x00000000d5580000,0x00000000d558cb48,0x00000000d5800000)
  from space 512K, 56% used [0x00000000d5900000,0x00000000d5948000,0x00000000d5980000)
  to   space 512K, 0% used [0x00000000d5980000,0x00000000d5980000,0x00000000d5a00000)
 ParOldGen       total 172544K, used 172051K [0x0000000080000000, 0x000000008a880000, 0x00000000d5580000)
  object space 172544K, 99% used [0x0000000080000000,0x000000008a804f98,0x000000008a880000)
 Metaspace       used 82019K, committed 83712K, reserved 1179648K
  class space    used 9790K, committed 10560K, reserved 1048576K
GC Heap History (20 events):
Event: 195.914 GC heap before
{Heap before GC invocations=344 (full 3):
 PSYoungGen      total 3072K, used 2912K [0x00000000d5580000, 0x00000000d5a00000, 0x0000000100000000)
  eden space 2560K, 100% used [0x00000000d5580000,0x00000000d5800000,0x00000000d5800000)
  from space 512K, 68% used [0x00000000d5980000,0x00000000d59d8000,0x00000000d5a00000)
  to   space 512K, 0% used [0x00000000d5900000,0x00000000d5900000,0x00000000d5980000)
 ParOldGen       total 158720K, used 158513K [0x0000000080000000, 0x0000000089b00000, 0x00000000d5580000)
  object space 158720K, 99% used [0x0000000080000000,0x0000000089acc638,0x0000000089b00000)
 Metaspace       used 81782K, committed 83520K, reserved 1179648K
  class space    used 9768K, committed 10560K, reserved 1048576K
}
Event: 195.917 GC heap after
{Heap after GC invocations=344 (full 3):
 PSYoungGen      total 3072K, used 400K [0x00000000d5580000, 0x00000000d5a00000, 0x0000000100000000)
  eden space 2560K, 0% used [0x00000000d5580000,0x00000000d5580000,0x00000000d5800000)
  from space 512K, 78% used [0x00000000d5900000,0x00000000d59641c8,0x00000000d5980000)
  to   space 512K, 0% used [0x00000000d5980000,0x00000000d5980000,0x00000000d5a00000)
 ParOldGen       total 159232K, used 158825K [0x0000000080000000, 0x0000000089b80000, 0x00000000d5580000)
  object space 159232K, 99% used [0x0000000080000000,0x0000000089b1a638,0x0000000089b80000)
 Metaspace       used 81782K, committed 83520K, reserved 1179648K
  class space    used 9768K, committed 10560K, reserved 1048576K
}
Event: 196.008 GC heap before
{Heap before GC invocations=345 (full 3):
 PSYoungGen      total 3072K, used 2960K [0x00000000d5580000, 0x00000000d5a00000, 0x0000000100000000)
  eden space 2560K, 100% used [0x00000000d5580000,0x00000000d5800000,0x00000000d5800000)
  from space 512K, 78% used [0x00000000d5900000,0x00000000d59641c8,0x00000000d5980000)
  to   space 512K, 0% used [0x00000000d5980000,0x00000000d5980000,0x00000000d5a00000)
 ParOldGen       total 159232K, used 158825K [0x0000000080000000, 0x0000000089b80000, 0x00000000d5580000)
  object space 159232K, 99% used [0x0000000080000000,0x0000000089b1a638,0x0000000089b80000)
 Metaspace       used 81791K, committed 83520K, reserved 1179648K
  class space    used 9770K, committed 10560K, reserved 1048576K
}
Event: 196.009 GC heap after
{Heap after GC invocations=345 (full 3):
 PSYoungGen      total 3072K, used 448K [0x00000000d5580000, 0x00000000d5a00000, 0x0000000100000000)
  eden space 2560K, 0% used [0x00000000d5580000,0x00000000d5580000,0x00000000d5800000)
  from space 512K, 87% used [0x00000000d5980000,0x00000000d59f0000,0x00000000d5a00000)
  to   space 512K, 0% used [0x00000000d5900000,0x00000000d5900000,0x00000000d5980000)
 ParOldGen       total 159232K, used 159113K [0x0000000080000000, 0x0000000089b80000, 0x00000000d5580000)
  object space 159232K, 99% used [0x0000000080000000,0x0000000089b62638,0x0000000089b80000)
 Metaspace       used 81791K, committed 83520K, reserved 1179648K
  class space    used 9770K, committed 10560K, reserved 1048576K
}
Event: 196.019 GC heap before
{Heap before GC invocations=346 (full 3):
 PSYoungGen      total 3072K, used 3005K [0x00000000d5580000, 0x00000000d5a00000, 0x0000000100000000)
  eden space 2560K, 99% used [0x00000000d5580000,0x00000000d57ff668,0x00000000d5800000)
  from space 512K, 87% used [0x00000000d5980000,0x00000000d59f0000,0x00000000d5a00000)
  to   space 512K, 0% used [0x00000000d5900000,0x00000000d5900000,0x00000000d5980000)
 ParOldGen       total 159232K, used 159113K [0x0000000080000000, 0x0000000089b80000, 0x00000000d5580000)
  object space 159232K, 99% used [0x0000000080000000,0x0000000089b62638,0x0000000089b80000)
 Metaspace       used 81791K, committed 83520K, reserved 1179648K
  class space    used 9770K, committed 10560K, reserved 1048576K
}
Event: 196.022 GC heap after
{Heap after GC invocations=346 (full 3):
 PSYoungGen      total 3072K, used 445K [0x00000000d5580000, 0x00000000d5a00000, 0x0000000100000000)
  eden space 2560K, 0% used [0x00000000d5580000,0x00000000d5580000,0x00000000d5800000)
  from space 512K, 87% used [0x00000000d5900000,0x00000000d596f6c0,0x00000000d5980000)
  to   space 512K, 0% used [0x00000000d5980000,0x00000000d5980000,0x00000000d5a00000)
 ParOldGen       total 159744K, used 159488K [0x0000000080000000, 0x0000000089c00000, 0x00000000d5580000)
  object space 159744K, 99% used [0x0000000080000000,0x0000000089bc0120,0x0000000089c00000)
 Metaspace       used 81791K, committed 83520K, reserved 1179648K
  class space    used 9770K, committed 10560K, reserved 1048576K
}
Event: 196.240 GC heap before
{Heap before GC invocations=347 (full 3):
 PSYoungGen      total 3072K, used 2988K [0x00000000d5580000, 0x00000000d5a00000, 0x0000000100000000)
  eden space 2560K, 99% used [0x00000000d5580000,0x00000000d57fbc98,0x00000000d5800000)
  from space 512K, 87% used [0x00000000d5900000,0x00000000d596f6c0,0x00000000d5980000)
  to   space 512K, 0% used [0x00000000d5980000,0x00000000d5980000,0x00000000d5a00000)
 ParOldGen       total 159744K, used 159488K [0x0000000080000000, 0x0000000089c00000, 0x00000000d5580000)
  object space 159744K, 99% used [0x0000000080000000,0x0000000089bc0120,0x0000000089c00000)
 Metaspace       used 81806K, committed 83520K, reserved 1179648K
  class space    used 9772K, committed 10560K, reserved 1048576K
}
Event: 196.242 GC heap after
{Heap after GC invocations=347 (full 3):
 PSYoungGen      total 3072K, used 462K [0x00000000d5580000, 0x00000000d5a00000, 0x0000000100000000)
  eden space 2560K, 0% used [0x00000000d5580000,0x00000000d5580000,0x00000000d5800000)
  from space 512K, 90% used [0x00000000d5980000,0x00000000d59f3878,0x00000000d5a00000)
  to   space 512K, 0% used [0x00000000d5900000,0x00000000d5900000,0x00000000d5980000)
 ParOldGen       total 160256K, used 159800K [0x0000000080000000, 0x0000000089c80000, 0x00000000d5580000)
  object space 160256K, 99% used [0x0000000080000000,0x0000000089c0e120,0x0000000089c80000)
 Metaspace       used 81806K, committed 83520K, reserved 1179648K
  class space    used 9772K, committed 10560K, reserved 1048576K
}
Event: 196.252 GC heap before
{Heap before GC invocations=348 (full 3):
 PSYoungGen      total 3072K, used 3022K [0x00000000d5580000, 0x00000000d5a00000, 0x0000000100000000)
  eden space 2560K, 100% used [0x00000000d5580000,0x00000000d5800000,0x00000000d5800000)
  from space 512K, 90% used [0x00000000d5980000,0x00000000d59f3878,0x00000000d5a00000)
  to   space 512K, 0% used [0x00000000d5900000,0x00000000d5900000,0x00000000d5980000)
 ParOldGen       total 160256K, used 159800K [0x0000000080000000, 0x0000000089c80000, 0x00000000d5580000)
  object space 160256K, 99% used [0x0000000080000000,0x0000000089c0e120,0x0000000089c80000)
 Metaspace       used 81806K, committed 83520K, reserved 1179648K
  class space    used 9772K, committed 10560K, reserved 1048576K
}
Event: 196.253 GC heap after
{Heap after GC invocations=348 (full 3):
 PSYoungGen      total 3072K, used 384K [0x00000000d5580000, 0x00000000d5a00000, 0x0000000100000000)
  eden space 2560K, 0% used [0x00000000d5580000,0x00000000d5580000,0x00000000d5800000)
  from space 512K, 75% used [0x00000000d5900000,0x00000000d5960000,0x00000000d5980000)
  to   space 512K, 0% used [0x00000000d5980000,0x00000000d5980000,0x00000000d5a00000)
 ParOldGen       total 160256K, used 160120K [0x0000000080000000, 0x0000000089c80000, 0x00000000d5580000)
  object space 160256K, 99% used [0x0000000080000000,0x0000000089c5e120,0x0000000089c80000)
 Metaspace       used 81806K, committed 83520K, reserved 1179648K
  class space    used 9772K, committed 10560K, reserved 1048576K
}
Event: 196.524 GC heap before
{Heap before GC invocations=349 (full 3):
 PSYoungGen      total 3072K, used 2944K [0x00000000d5580000, 0x00000000d5a00000, 0x0000000100000000)
  eden space 2560K, 100% used [0x00000000d5580000,0x00000000d5800000,0x00000000d5800000)
  from space 512K, 75% used [0x00000000d5900000,0x00000000d5960000,0x00000000d5980000)
  to   space 512K, 0% used [0x00000000d5980000,0x00000000d5980000,0x00000000d5a00000)
 ParOldGen       total 160256K, used 160120K [0x0000000080000000, 0x0000000089c80000, 0x00000000d5580000)
  object space 160256K, 99% used [0x0000000080000000,0x0000000089c5e120,0x0000000089c80000)
 Metaspace       used 81818K, committed 83584K, reserved 1179648K
  class space    used 9773K, committed 10560K, reserved 1048576K
}
Event: 196.525 GC heap after
{Heap after GC invocations=349 (full 3):
 PSYoungGen      total 3072K, used 504K [0x00000000d5580000, 0x00000000d5a00000, 0x0000000100000000)
  eden space 2560K, 0% used [0x00000000d5580000,0x00000000d5580000,0x00000000d5800000)
  from space 512K, 98% used [0x00000000d5980000,0x00000000d59fe008,0x00000000d5a00000)
  to   space 1024K, 0% used [0x00000000d5800000,0x00000000d5800000,0x00000000d5900000)
 ParOldGen       total 160768K, used 160424K [0x0000000080000000, 0x0000000089d00000, 0x00000000d5580000)
  object space 160768K, 99% used [0x0000000080000000,0x0000000089caa120,0x0000000089d00000)
 Metaspace       used 81818K, committed 83584K, reserved 1179648K
  class space    used 9773K, committed 10560K, reserved 1048576K
}
Event: 196.546 GC heap before
{Heap before GC invocations=350 (full 3):
 PSYoungGen      total 3072K, used 3064K [0x00000000d5580000, 0x00000000d5a00000, 0x0000000100000000)
  eden space 2560K, 100% used [0x00000000d5580000,0x00000000d5800000,0x00000000d5800000)
  from space 512K, 98% used [0x00000000d5980000,0x00000000d59fe008,0x00000000d5a00000)
  to   space 1024K, 0% used [0x00000000d5800000,0x00000000d5800000,0x00000000d5900000)
 ParOldGen       total 160768K, used 160424K [0x0000000080000000, 0x0000000089d00000, 0x00000000d5580000)
  object space 160768K, 99% used [0x0000000080000000,0x0000000089caa120,0x0000000089d00000)
 Metaspace       used 81818K, committed 83584K, reserved 1179648K
  class space    used 9773K, committed 10560K, reserved 1048576K
}
Event: 196.548 GC heap after
{Heap after GC invocations=350 (full 3):
 PSYoungGen      total 3584K, used 320K [0x00000000d5580000, 0x00000000d5a00000, 0x0000000100000000)
  eden space 2560K, 0% used [0x00000000d5580000,0x00000000d5580000,0x00000000d5800000)
  from space 1024K, 31% used [0x00000000d5800000,0x00000000d5850000,0x00000000d5900000)
  to   space 512K, 0% used [0x00000000d5980000,0x00000000d5980000,0x00000000d5a00000)
 ParOldGen       total 161280K, used 160908K [0x0000000080000000, 0x0000000089d80000, 0x00000000d5580000)
  object space 161280K, 99% used [0x0000000080000000,0x0000000089d23388,0x0000000089d80000)
 Metaspace       used 81818K, committed 83584K, reserved 1179648K
  class space    used 9773K, committed 10560K, reserved 1048576K
}
Event: 196.660 GC heap before
{Heap before GC invocations=351 (full 3):
 PSYoungGen      total 3584K, used 2880K [0x00000000d5580000, 0x00000000d5a00000, 0x0000000100000000)
  eden space 2560K, 100% used [0x00000000d5580000,0x00000000d5800000,0x00000000d5800000)
  from space 1024K, 31% used [0x00000000d5800000,0x00000000d5850000,0x00000000d5900000)
  to   space 512K, 0% used [0x00000000d5980000,0x00000000d5980000,0x00000000d5a00000)
 ParOldGen       total 161280K, used 160908K [0x0000000080000000, 0x0000000089d80000, 0x00000000d5580000)
  object space 161280K, 99% used [0x0000000080000000,0x0000000089d23388,0x0000000089d80000)
 Metaspace       used 81833K, committed 83584K, reserved 1179648K
  class space    used 9774K, committed 10560K, reserved 1048576K
}
Event: 196.662 GC heap after
{Heap after GC invocations=351 (full 3):
 PSYoungGen      total 3072K, used 486K [0x00000000d5580000, 0x00000000d5a00000, 0x0000000100000000)
  eden space 2560K, 0% used [0x00000000d5580000,0x00000000d5580000,0x00000000d5800000)
  from space 512K, 94% used [0x00000000d5980000,0x00000000d59f9978,0x00000000d5a00000)
  to   space 1024K, 0% used [0x00000000d5800000,0x00000000d5800000,0x00000000d5900000)
 ParOldGen       total 161280K, used 161164K [0x0000000080000000, 0x0000000089d80000, 0x00000000d5580000)
  object space 161280K, 99% used [0x0000000080000000,0x0000000089d63388,0x0000000089d80000)
 Metaspace       used 81833K, committed 83584K, reserved 1179648K
  class space    used 9774K, committed 10560K, reserved 1048576K
}
Event: 196.673 GC heap before
{Heap before GC invocations=352 (full 3):
 PSYoungGen      total 3072K, used 3046K [0x00000000d5580000, 0x00000000d5a00000, 0x0000000100000000)
  eden space 2560K, 99% used [0x00000000d5580000,0x00000000d57fffd8,0x00000000d5800000)
  from space 512K, 94% used [0x00000000d5980000,0x00000000d59f9978,0x00000000d5a00000)
  to   space 1024K, 0% used [0x00000000d5800000,0x00000000d5800000,0x00000000d5900000)
 ParOldGen       total 161280K, used 161164K [0x0000000080000000, 0x0000000089d80000, 0x00000000d5580000)
  object space 161280K, 99% used [0x0000000080000000,0x0000000089d63388,0x0000000089d80000)
 Metaspace       used 81833K, committed 83584K, reserved 1179648K
  class space    used 9774K, committed 10560K, reserved 1048576K
}
Event: 196.675 GC heap after
{Heap after GC invocations=352 (full 3):
 PSYoungGen      total 3584K, used 320K [0x00000000d5580000, 0x00000000d5a00000, 0x0000000100000000)
  eden space 2560K, 0% used [0x00000000d5580000,0x00000000d5580000,0x00000000d5800000)
  from space 1024K, 31% used [0x00000000d5800000,0x00000000d5850000,0x00000000d5900000)
  to   space 512K, 0% used [0x00000000d5980000,0x00000000d5980000,0x00000000d5a00000)
 ParOldGen       total 161792K, used 161529K [0x0000000080000000, 0x0000000089e00000, 0x00000000d5580000)
  object space 161792K, 99% used [0x0000000080000000,0x0000000089dbe7d0,0x0000000089e00000)
 Metaspace       used 81833K, committed 83584K, reserved 1179648K
  class space    used 9774K, committed 10560K, reserved 1048576K
}
Event: 196.755 GC heap before
{Heap before GC invocations=353 (full 3):
 PSYoungGen      total 3584K, used 2877K [0x00000000d5580000, 0x00000000d5a00000, 0x0000000100000000)
  eden space 2560K, 99% used [0x00000000d5580000,0x00000000d57ff478,0x00000000d5800000)
  from space 1024K, 31% used [0x00000000d5800000,0x00000000d5850000,0x00000000d5900000)
  to   space 512K, 0% used [0x00000000d5980000,0x00000000d5980000,0x00000000d5a00000)
 ParOldGen       total 161792K, used 161529K [0x0000000080000000, 0x0000000089e00000, 0x00000000d5580000)
  object space 161792K, 99% used [0x0000000080000000,0x0000000089dbe7d0,0x0000000089e00000)
 Metaspace       used 81833K, committed 83584K, reserved 1179648K
  class space    used 9774K, committed 10560K, reserved 1048576K
}
Event: 196.756 GC heap after
{Heap after GC invocations=353 (full 3):
 PSYoungGen      total 3072K, used 401K [0x00000000d5580000, 0x00000000d5a00000, 0x0000000100000000)
  eden space 2560K, 0% used [0x00000000d5580000,0x00000000d5580000,0x00000000d5800000)
  from space 512K, 78% used [0x00000000d5980000,0x00000000d59e47a0,0x00000000d5a00000)
  to   space 512K, 0% used [0x00000000d5900000,0x00000000d5900000,0x00000000d5980000)
 ParOldGen       total 162304K, used 161793K [0x0000000080000000, 0x0000000089e80000, 0x00000000d5580000)
  object space 162304K, 99% used [0x0000000080000000,0x0000000089e007d0,0x0000000089e80000)
 Metaspace       used 81833K, committed 83584K, reserved 1179648K
  class space    used 9774K, committed 10560K, reserved 1048576K
}

