# JRE version: OpenJDK Runtime Environment Temurin-21.0.12.1+1 (21.0.12.1+1) (build 21.0.12.1+1-LTS)
# Java VM: OpenJDK 64-Bit Server VM Temurin-21.0.12.1+1 (21.0.12.1+1-LTS, mixed mode, sharing, tiered, compressed oops, compressed class ptrs, parallel gc, windows-amd64)
GC Precious Log:
 CardTable entry size: 512
 CPUs: 4 total, 4 available
 Memory: 8075M
 Large Page Support: Disabled
 NUMA Support: Disabled
 Compressed Oops: Enabled (32-bit)
 Alignments: Space 512K, Generation 512K, Heap 2M
 Heap Min Capacity: 100M
 Heap Initial Capacity: 100M
 Heap Max Capacity: 2G
 Pre-touch: Disabled
 Parallel Workers: 4
Heap:
 PSYoungGen      total 24064K, used 8334K [0x00000000d5580000, 0x00000000d7300000, 0x0000000100000000)
  eden space 20480K, 23% used [0x00000000d5580000,0x00000000d5a259b8,0x00000000d6980000)
  from space 3584K, 99% used [0x00000000d6980000,0x00000000d6cfe008,0x00000000d6d00000)
  to   space 4608K, 0% used [0x00000000d6e80000,0x00000000d6e80000,0x00000000d7300000)
 ParOldGen       total 1398272K, used 79041K [0x0000000080000000, 0x00000000d5580000, 0x00000000d5580000)
  object space 1398272K, 5% used [0x0000000080000000,0x0000000084d307e0,0x00000000d5580000)
 Metaspace       used 86830K, committed 89088K, reserved 1179648K
  class space    used 10202K, committed 11200K, reserved 1048576K
GC Heap History (20 events):
Event: 508.083 GC heap before
{Heap before GC invocations=1085 (full 4):
 PSYoungGen      total 16896K, used 0K [0x00000000d5580000, 0x00000000d6700000, 0x0000000100000000)
  eden space 16384K, 0% used [0x00000000d5580000,0x00000000d5580000,0x00000000d6580000)
  from space 512K, 0% used [0x00000000d6580000,0x00000000d6580000,0x00000000d6600000)
  to   space 512K, 0% used [0x00000000d6680000,0x00000000d6680000,0x00000000d6700000)
 ParOldGen       total 231424K, used 202548K [0x0000000080000000, 0x000000008e200000, 0x00000000d5580000)
  object space 231424K, 87% used [0x0000000080000000,0x000000008c5cd038,0x000000008e200000)
 Metaspace       used 87291K, committed 89152K, reserved 1179648K
  class space    used 10366K, committed 11200K, reserved 1048576K
}
Event: 508.113 GC heap after
{Heap after GC invocations=1085 (full 4):
 PSYoungGen      total 17408K, used 0K [0x00000000d5580000, 0x00000000d6a00000, 0x0000000100000000)
  eden space 16896K, 0% used [0x00000000d5580000,0x00000000d5580000,0x00000000d6600000)
  from space 512K, 0% used [0x00000000d6680000,0x00000000d6680000,0x00000000d6700000)
  to   space 512K, 0% used [0x00000000d6600000,0x00000000d6600000,0x00000000d6680000)
 ParOldGen       total 231424K, used 202548K [0x0000000080000000, 0x000000008e200000, 0x00000000d5580000)
  object space 231424K, 87% used [0x0000000080000000,0x000000008c5cd038,0x000000008e200000)
 Metaspace       used 87291K, committed 89152K, reserved 1179648K
  class space    used 10366K, committed 11200K, reserved 1048576K
}
Event: 508.113 GC heap before
{Heap before GC invocations=1086 (full 5):
 PSYoungGen      total 17408K, used 0K [0x00000000d5580000, 0x00000000d6a00000, 0x0000000100000000)
  eden space 16896K, 0% used [0x00000000d5580000,0x00000000d5580000,0x00000000d6600000)
  from space 512K, 0% used [0x00000000d6680000,0x00000000d6680000,0x00000000d6700000)
  to   space 512K, 0% used [0x00000000d6600000,0x00000000d6600000,0x00000000d6680000)
 ParOldGen       total 231424K, used 202548K [0x0000000080000000, 0x000000008e200000, 0x00000000d5580000)
  object space 231424K, 87% used [0x0000000080000000,0x000000008c5cd038,0x000000008e200000)
 Metaspace       used 87291K, committed 89152K, reserved 1179648K
  class space    used 10366K, committed 11200K, reserved 1048576K
}
Event: 510.051 GC heap after
{Heap after GC invocations=1086 (full 5):
 PSYoungGen      total 17408K, used 0K [0x00000000d5580000, 0x00000000d6800000, 0x0000000100000000)
  eden space 16896K, 0% used [0x00000000d5580000,0x00000000d5580000,0x00000000d6600000)
  from space 512K, 0% used [0x00000000d6600000,0x00000000d6600000,0x00000000d6680000)
  to   space 512K, 0% used [0x00000000d6780000,0x00000000d6780000,0x00000000d6800000)
 ParOldGen       total 117248K, used 69328K [0x0000000080000000, 0x0000000087280000, 0x00000000d5580000)
  object space 117248K, 59% used [0x0000000080000000,0x00000000843b4378,0x0000000087280000)
 Metaspace       used 86271K, committed 89088K, reserved 1179648K
  class space    used 10147K, committed 11200K, reserved 1048576K
}
Event: 517.694 GC heap before
{Heap before GC invocations=1087 (full 5):
 PSYoungGen      total 17408K, used 5059K [0x00000000d5580000, 0x00000000d6800000, 0x0000000100000000)
  eden space 16896K, 29% used [0x00000000d5580000,0x00000000d5a70c40,0x00000000d6600000)
  from space 512K, 0% used [0x00000000d6600000,0x00000000d6600000,0x00000000d6680000)
  to   space 512K, 0% used [0x00000000d6780000,0x00000000d6780000,0x00000000d6800000)
 ParOldGen       total 1398272K, used 69328K [0x0000000080000000, 0x00000000d5580000, 0x00000000d5580000)
  object space 1398272K, 4% used [0x0000000080000000,0x00000000843b4378,0x00000000d5580000)
 Metaspace       used 86321K, committed 89088K, reserved 1179648K
  class space    used 10160K, committed 11200K, reserved 1048576K
}
Event: 517.699 GC heap after
{Heap after GC invocations=1087 (full 5):
 PSYoungGen      total 15360K, used 486K [0x00000000d5580000, 0x00000000d6e00000, 0x0000000100000000)
  eden space 14848K, 0% used [0x00000000d5580000,0x00000000d5580000,0x00000000d6400000)
  from space 512K, 95% used [0x00000000d6780000,0x00000000d67f9af0,0x00000000d6800000)
  to   space 3584K, 0% used [0x00000000d6400000,0x00000000d6400000,0x00000000d6780000)
 ParOldGen       total 1398272K, used 71731K [0x0000000080000000, 0x00000000d5580000, 0x00000000d5580000)
  object space 1398272K, 5% used [0x0000000080000000,0x000000008460cf08,0x00000000d5580000)
 Metaspace       used 86321K, committed 89088K, reserved 1179648K
  class space    used 10160K, committed 11200K, reserved 1048576K
}
Event: 517.699 GC heap before
{Heap before GC invocations=1088 (full 5):
 PSYoungGen      total 15360K, used 486K [0x00000000d5580000, 0x00000000d6e00000, 0x0000000100000000)
  eden space 14848K, 0% used [0x00000000d5580000,0x00000000d5580000,0x00000000d6400000)
  from space 512K, 95% used [0x00000000d6780000,0x00000000d67f9af0,0x00000000d6800000)
  to   space 3584K, 0% used [0x00000000d6400000,0x00000000d6400000,0x00000000d6780000)
 ParOldGen       total 1398272K, used 71731K [0x0000000080000000, 0x00000000d5580000, 0x00000000d5580000)
  object space 1398272K, 5% used [0x0000000080000000,0x000000008460cf08,0x00000000d5580000)
 Metaspace       used 86321K, committed 89088K, reserved 1179648K
  class space    used 10160K, committed 11200K, reserved 1048576K
}
Event: 517.700 GC heap after
{Heap after GC invocations=1088 (full 5):
 PSYoungGen      total 15360K, used 0K [0x00000000d5580000, 0x00000000d6880000, 0x0000000100000000)
  eden space 14848K, 0% used [0x00000000d5580000,0x00000000d5580000,0x00000000d6400000)
  from space 512K, 0% used [0x00000000d6400000,0x00000000d6400000,0x00000000d6480000)
  to   space 1536K, 0% used [0x00000000d6700000,0x00000000d6700000,0x00000000d6880000)
 ParOldGen       total 1398272K, used 72226K [0x0000000080000000, 0x00000000d5580000, 0x00000000d5580000)
  object space 1398272K, 5% used [0x0000000080000000,0x0000000084688a08,0x00000000d5580000)
 Metaspace       used 86321K, committed 89088K, reserved 1179648K
  class space    used 10160K, committed 11200K, reserved 1048576K
}
Event: 517.700 GC heap before
{Heap before GC invocations=1089 (full 6):
 PSYoungGen      total 15360K, used 0K [0x00000000d5580000, 0x00000000d6880000, 0x0000000100000000)
  eden space 14848K, 0% used [0x00000000d5580000,0x00000000d5580000,0x00000000d6400000)
  from space 512K, 0% used [0x00000000d6400000,0x00000000d6400000,0x00000000d6480000)
  to   space 1536K, 0% used [0x00000000d6700000,0x00000000d6700000,0x00000000d6880000)
 ParOldGen       total 1398272K, used 72226K [0x0000000080000000, 0x00000000d5580000, 0x00000000d5580000)
  object space 1398272K, 5% used [0x0000000080000000,0x0000000084688a08,0x00000000d5580000)
 Metaspace       used 86321K, committed 89088K, reserved 1179648K
  class space    used 10160K, committed 11200K, reserved 1048576K
}
Event: 517.820 GC heap after
{Heap after GC invocations=1089 (full 6):
 PSYoungGen      total 17920K, used 0K [0x00000000d5580000, 0x00000000d6880000, 0x0000000100000000)
  eden space 16384K, 0% used [0x00000000d5580000,0x00000000d5580000,0x00000000d6580000)
  from space 1536K, 0% used [0x00000000d6700000,0x00000000d6700000,0x00000000d6880000)
  to   space 1536K, 0% used [0x00000000d6580000,0x00000000d6580000,0x00000000d6700000)
 ParOldGen       total 135680K, used 71710K [0x0000000080000000, 0x0000000088480000, 0x00000000d5580000)
  object space 135680K, 52% used [0x0000000080000000,0x0000000084607b68,0x0000000088480000)
 Metaspace       used 86321K, committed 89088K, reserved 1179648K
  class space    used 10160K, committed 11200K, reserved 1048576K
}
Event: 517.824 GC heap before
{Heap before GC invocations=1090 (full 6):
 PSYoungGen      total 17920K, used 0K [0x00000000d5580000, 0x00000000d6880000, 0x0000000100000000)
  eden space 16384K, 0% used [0x00000000d5580000,0x00000000d5580000,0x00000000d6580000)
  from space 1536K, 0% used [0x00000000d6700000,0x00000000d6700000,0x00000000d6880000)
  to   space 1536K, 0% used [0x00000000d6580000,0x00000000d6580000,0x00000000d6700000)
 ParOldGen       total 1398272K, used 71710K [0x0000000080000000, 0x00000000d5580000, 0x00000000d5580000)
  object space 1398272K, 5% used [0x0000000080000000,0x0000000084607b68,0x00000000d5580000)
 Metaspace       used 86321K, committed 89088K, reserved 1179648K
  class space    used 10160K, committed 11200K, reserved 1048576K
}
Event: 517.824 GC heap after
{Heap after GC invocations=1090 (full 6):
 PSYoungGen      total 17920K, used 0K [0x00000000d5580000, 0x00000000d6800000, 0x0000000100000000)
  eden space 16384K, 0% used [0x00000000d5580000,0x00000000d5580000,0x00000000d6580000)
  from space 1536K, 0% used [0x00000000d6580000,0x00000000d6580000,0x00000000d6700000)
  to   space 512K, 0% used [0x00000000d6780000,0x00000000d6780000,0x00000000d6800000)
 ParOldGen       total 1398272K, used 71710K [0x0000000080000000, 0x00000000d5580000, 0x00000000d5580000)
  object space 1398272K, 5% used [0x0000000080000000,0x0000000084607b68,0x00000000d5580000)
 Metaspace       used 86321K, committed 89088K, reserved 1179648K
  class space    used 10160K, committed 11200K, reserved 1048576K
}
Event: 517.824 GC heap before
{Heap before GC invocations=1091 (full 7):
 PSYoungGen      total 17920K, used 0K [0x00000000d5580000, 0x00000000d6800000, 0x0000000100000000)
  eden space 16384K, 0% used [0x00000000d5580000,0x00000000d5580000,0x00000000d6580000)
  from space 1536K, 0% used [0x00000000d6580000,0x00000000d6580000,0x00000000d6700000)
  to   space 512K, 0% used [0x00000000d6780000,0x00000000d6780000,0x00000000d6800000)
 ParOldGen       total 1398272K, used 71710K [0x0000000080000000, 0x00000000d5580000, 0x00000000d5580000)
  object space 1398272K, 5% used [0x0000000080000000,0x0000000084607b68,0x00000000d5580000)
 Metaspace       used 86321K, committed 89088K, reserved 1179648K
  class space    used 10160K, committed 11200K, reserved 1048576K
}
Event: 517.972 GC heap after
{Heap after GC invocations=1091 (full 7):
 PSYoungGen      total 18432K, used 0K [0x00000000d5580000, 0x00000000d6800000, 0x0000000100000000)
  eden space 17920K, 0% used [0x00000000d5580000,0x00000000d5580000,0x00000000d6700000)
  from space 512K, 0% used [0x00000000d6780000,0x00000000d6780000,0x00000000d6800000)
  to   space 512K, 0% used [0x00000000d6700000,0x00000000d6700000,0x00000000d6780000)
 ParOldGen       total 159744K, used 71593K [0x0000000080000000, 0x0000000089c00000, 0x00000000d5580000)
  object space 159744K, 44% used [0x0000000080000000,0x00000000845ea688,0x0000000089c00000)
 Metaspace       used 86301K, committed 89088K, reserved 1179648K
  class space    used 10154K, committed 11200K, reserved 1048576K
}
Event: 527.619 GC heap before
{Heap before GC invocations=1092 (full 7):
 PSYoungGen      total 18432K, used 17920K [0x00000000d5580000, 0x00000000d6800000, 0x0000000100000000)
  eden space 17920K, 100% used [0x00000000d5580000,0x00000000d6700000,0x00000000d6700000)
  from space 512K, 0% used [0x00000000d6780000,0x00000000d6780000,0x00000000d6800000)
  to   space 512K, 0% used [0x00000000d6700000,0x00000000d6700000,0x00000000d6780000)
 ParOldGen       total 1398272K, used 71593K [0x0000000080000000, 0x00000000d5580000, 0x00000000d5580000)
  object space 1398272K, 5% used [0x0000000080000000,0x00000000845ea688,0x00000000d5580000)
 Metaspace       used 86341K, committed 89088K, reserved 1179648K
  class space    used 10161K, committed 11200K, reserved 1048576K
}
Event: 527.620 GC heap after
{Heap after GC invocations=1092 (full 7):
 PSYoungGen      total 18432K, used 480K [0x00000000d5580000, 0x00000000d6a00000, 0x0000000100000000)
  eden space 17920K, 0% used [0x00000000d5580000,0x00000000d5580000,0x00000000d6700000)
  from space 512K, 93% used [0x00000000d6700000,0x00000000d6778010,0x00000000d6780000)
  to   space 1024K, 0% used [0x00000000d6900000,0x00000000d6900000,0x00000000d6a00000)
 ParOldGen       total 1398272K, used 71793K [0x0000000080000000, 0x00000000d5580000, 0x00000000d5580000)
  object space 1398272K, 5% used [0x0000000080000000,0x000000008461c698,0x00000000d5580000)
 Metaspace       used 86341K, committed 89088K, reserved 1179648K
  class space    used 10161K, committed 11200K, reserved 1048576K
}
Event: 527.963 GC heap before
{Heap before GC invocations=1093 (full 7):
 PSYoungGen      total 18432K, used 18400K [0x00000000d5580000, 0x00000000d6a00000, 0x0000000100000000)
  eden space 17920K, 100% used [0x00000000d5580000,0x00000000d6700000,0x00000000d6700000)
  from space 512K, 93% used [0x00000000d6700000,0x00000000d6778010,0x00000000d6780000)
  to   space 1024K, 0% used [0x00000000d6900000,0x00000000d6900000,0x00000000d6a00000)
 ParOldGen       total 1398272K, used 71793K [0x0000000080000000, 0x00000000d5580000, 0x00000000d5580000)
  object space 1398272K, 5% used [0x0000000080000000,0x000000008461c698,0x00000000d5580000)
 Metaspace       used 86348K, committed 89088K, reserved 1179648K
  class space    used 10162K, committed 11200K, reserved 1048576K
}
Event: 527.965 GC heap after
{Heap after GC invocations=1093 (full 7):
 PSYoungGen      total 19456K, used 1001K [0x00000000d5580000, 0x00000000d6b00000, 0x0000000100000000)
  eden space 18432K, 0% used [0x00000000d5580000,0x00000000d5580000,0x00000000d6780000)
  from space 1024K, 97% used [0x00000000d6900000,0x00000000d69fa788,0x00000000d6a00000)
  to   space 1536K, 0% used [0x00000000d6780000,0x00000000d6780000,0x00000000d6900000)
 ParOldGen       total 1398272K, used 71945K [0x0000000080000000, 0x00000000d5580000, 0x00000000d5580000)
  object space 1398272K, 5% used [0x0000000080000000,0x0000000084642698,0x00000000d5580000)
 Metaspace       used 86348K, committed 89088K, reserved 1179648K
  class space    used 10162K, committed 11200K, reserved 1048576K
}
Event: 528.428 GC heap before
{Heap before GC invocations=1094 (full 7):
 PSYoungGen      total 19456K, used 19423K [0x00000000d5580000, 0x00000000d6b00000, 0x0000000100000000)
  eden space 18432K, 99% used [0x00000000d5580000,0x00000000d677d640,0x00000000d6780000)
  from space 1024K, 97% used [0x00000000d6900000,0x00000000d69fa788,0x00000000d6a00000)
  to   space 1536K, 0% used [0x00000000d6780000,0x00000000d6780000,0x00000000d6900000)
 ParOldGen       total 1398272K, used 71945K [0x0000000080000000, 0x00000000d5580000, 0x00000000d5580000)
  object space 1398272K, 5% used [0x0000000080000000,0x0000000084642698,0x00000000d5580000)
 Metaspace       used 86348K, committed 89088K, reserved 1179648K
  class space    used 10162K, committed 11200K, reserved 1048576K
}
Event: 528.431 GC heap after
{Heap after GC invocations=1094 (full 7):
 PSYoungGen      total 19968K, used 829K [0x00000000d5580000, 0x00000000d6a80000, 0x0000000100000000)
  eden space 18432K, 0% used [0x00000000d5580000,0x00000000d5580000,0x00000000d6780000)
  from space 1536K, 54% used [0x00000000d6780000,0x00000000d684f6e8,0x00000000d6900000)
  to   space 1024K, 0% used [0x00000000d6980000,0x00000000d6980000,0x00000000d6a80000)
 ParOldGen       total 1398272K, used 72441K [0x0000000080000000, 0x00000000d5580000, 0x00000000d5580000)
  object space 1398272K, 5% used [0x0000000080000000,0x00000000846be6c8,0x00000000d5580000)
 Metaspace       used 86348K, committed 89088K, reserved 1179648K
  class space    used 10162K, committed 11200K, reserved 1048576K
}

